  shadow_mapping_base.cpp
E:\GLProjects\GLProjects\common\include\mesh.h(97): warning C4267: “参数”: 从“size_t”转换到“GLsizei”，可能丢失数据
shadow_mapping_base.cpp(30): warning C4244: “初始化”: 从“double”转换到“float”，可能丢失数据
shadow_mapping_base.cpp(31): warning C4244: “初始化”: 从“double”转换到“float”，可能丢失数据
shadow_mapping_base.cpp(164): warning C4244: “初始化”: 从“double”转换到“float”，可能丢失数据
shadow_mapping_base.cpp(389): warning C4244: “初始化”: 从“double”转换到“float”，可能丢失数据
shadow_mapping_base.cpp(416): warning C4244: “=”: 从“double”转换到“float”，可能丢失数据
shadow_mapping_base.cpp(417): warning C4244: “=”: 从“double”转换到“float”，可能丢失数据
shadow_mapping_base.cpp(421): warning C4244: “初始化”: 从“double”转换到“float”，可能丢失数据
shadow_mapping_base.cpp(422): warning C4244: “初始化”: 从“double”转换到“float”，可能丢失数据
shadow_mapping_base.cpp(424): warning C4244: “=”: 从“double”转换到“float”，可能丢失数据
shadow_mapping_base.cpp(425): warning C4244: “=”: 从“double”转换到“float”，可能丢失数据
shadow_mapping_base.cpp(434): warning C4244: “参数”: 从“double”转换到“float”，可能丢失数据
  正在生成代码
  28 of 459 functions ( 6.1%) were compiled, the rest were copied from previous compilation.
    0 functions were new in current compilation
    33 functions had inline decision re-evaluated but remain unchanged
  已完成代码的生成
  ShadowMappingBase.vcxproj -> E:\GLProjects\GLProjects\LearnOpenGL\ShadowMappingBase\..\Releasex64\ShadowMappingBase.exe
  ShadowMappingBase.vcxproj -> ..\Releasex64\ShadowMappingBase.pdb (Full PDB)
